2022-05-09 08:41:50.493  INFO 40236 --- [restartedMain] com.store.MedicalStore_V2Application     : Starting MedicalStore_V2Application using Java 17.0.3.1 on Anubhav with PID 40236 (D:\my_projects\MedicalStore_V2\target\classes started by Anubhav in D:\my_projects\MedicalStore_V2)
2022-05-09 08:41:50.498  INFO 40236 --- [restartedMain] com.store.MedicalStore_V2Application     : No active profile set, falling back to 1 default profile: "default"
2022-05-09 08:41:50.534  INFO 40236 --- [restartedMain] .e.DevToolsPropertyDefaultsPostProcessor : Devtools property defaults active! Set 'spring.devtools.add-properties' to 'false' to disable
2022-05-09 08:41:50.535  INFO 40236 --- [restartedMain] .e.DevToolsPropertyDefaultsPostProcessor : For additional web related logging consider setting the 'logging.level.web' property to 'DEBUG'
2022-05-09 08:41:50.936  INFO 40236 --- [restartedMain] .s.d.r.c.RepositoryConfigurationDelegate : Bootstrapping Spring Data JPA repositories in DEFAULT mode.
2022-05-09 08:41:50.969  INFO 40236 --- [restartedMain] .s.d.r.c.RepositoryConfigurationDelegate : Finished Spring Data repository scanning in 28 ms. Found 3 JPA repository interfaces.
2022-05-09 08:41:51.378  INFO 40236 --- [restartedMain] o.s.b.w.embedded.tomcat.TomcatWebServer  : Tomcat initialized with port(s): 443 (https)
2022-05-09 08:41:51.385  INFO 40236 --- [restartedMain] o.apache.catalina.core.StandardService   : Starting service [Tomcat]
2022-05-09 08:41:51.385  INFO 40236 --- [restartedMain] org.apache.catalina.core.StandardEngine  : Starting Servlet engine: [Apache Tomcat/9.0.62]
2022-05-09 08:41:51.518  INFO 40236 --- [restartedMain] o.a.c.c.C.[Tomcat].[localhost].[/]       : Initializing Spring embedded WebApplicationContext
2022-05-09 08:41:51.518  INFO 40236 --- [restartedMain] w.s.c.ServletWebServerApplicationContext : Root WebApplicationContext: initialization completed in 983 ms
2022-05-09 08:41:51.613  INFO 40236 --- [restartedMain] o.hibernate.jpa.internal.util.LogHelper  : HHH000204: Processing PersistenceUnitInfo [name: default]
2022-05-09 08:41:51.660  INFO 40236 --- [restartedMain] org.hibernate.Version                    : HHH000412: Hibernate ORM core version 5.6.8.Final
2022-05-09 08:41:51.789  INFO 40236 --- [restartedMain] o.hibernate.annotations.common.Version   : HCANN000001: Hibernate Commons Annotations {5.1.2.Final}
2022-05-09 08:41:51.866  INFO 40236 --- [restartedMain] com.zaxxer.hikari.HikariDataSource       : HikariPool-1 - Starting...
2022-05-09 08:41:52.133  INFO 40236 --- [restartedMain] com.zaxxer.hikari.HikariDataSource       : HikariPool-1 - Start completed.
2022-05-09 08:41:52.155  INFO 40236 --- [restartedMain] org.hibernate.dialect.Dialect            : HHH000400: Using dialect: org.hibernate.dialect.MySQL8Dialect
2022-05-09 08:41:52.623  INFO 40236 --- [restartedMain] o.h.e.t.j.p.i.JtaPlatformInitiator       : HHH000490: Using JtaPlatform implementation: [org.hibernate.engine.transaction.jta.platform.internal.NoJtaPlatform]
2022-05-09 08:41:52.628  INFO 40236 --- [restartedMain] j.LocalContainerEntityManagerFactoryBean : Initialized JPA EntityManagerFactory for persistence unit 'default'
2022-05-09 08:41:52.939  WARN 40236 --- [restartedMain] JpaBaseConfiguration$JpaWebConfiguration : spring.jpa.open-in-view is enabled by default. Therefore, database queries may be performed during view rendering. Explicitly configure spring.jpa.open-in-view to disable this warning
2022-05-09 08:41:53.165  INFO 40236 --- [restartedMain] o.s.b.d.a.OptionalLiveReloadServer       : LiveReload server is running on port 35729
2022-05-09 08:41:53.183  WARN 40236 --- [restartedMain] ConfigServletWebServerApplicationContext : Exception encountered during context initialization - cancelling refresh attempt: org.springframework.context.ApplicationContextException: Failed to start bean 'webServerStartStop'; nested exception is org.springframework.boot.web.server.PortInUseException: Port 443 is already in use
2022-05-09 08:41:53.185  INFO 40236 --- [restartedMain] j.LocalContainerEntityManagerFactoryBean : Closing JPA EntityManagerFactory for persistence unit 'default'
2022-05-09 08:41:53.187  INFO 40236 --- [restartedMain] com.zaxxer.hikari.HikariDataSource       : HikariPool-1 - Shutdown initiated...
2022-05-09 08:41:53.193  INFO 40236 --- [restartedMain] com.zaxxer.hikari.HikariDataSource       : HikariPool-1 - Shutdown completed.
2022-05-09 08:41:53.195  INFO 40236 --- [restartedMain] o.apache.catalina.core.StandardService   : Stopping service [Tomcat]
2022-05-09 08:41:53.203  INFO 40236 --- [restartedMain] ConditionEvaluationReportLoggingListener : 

Error starting ApplicationContext. To display the conditions report re-run your application with 'debug' enabled.
2022-05-09 08:41:53.214 ERROR 40236 --- [restartedMain] o.s.b.d.LoggingFailureAnalysisReporter   : 

***************************
APPLICATION FAILED TO START
***************************

Description:

Web server failed to start. Port 443 was already in use.

Action:

Identify and stop the process that's listening on port 443 or configure this application to listen on another port.

2022-05-09 08:42:54.071  INFO 25148 --- [restartedMain] com.store.MedicalStore_V2Application     : Starting MedicalStore_V2Application using Java 17.0.3.1 on Anubhav with PID 25148 (D:\my_projects\MedicalStore_V2\target\classes started by Anubhav in D:\my_projects\MedicalStore_V2)
2022-05-09 08:42:54.073  INFO 25148 --- [restartedMain] com.store.MedicalStore_V2Application     : No active profile set, falling back to 1 default profile: "default"
2022-05-09 08:42:54.105  INFO 25148 --- [restartedMain] .e.DevToolsPropertyDefaultsPostProcessor : Devtools property defaults active! Set 'spring.devtools.add-properties' to 'false' to disable
2022-05-09 08:42:54.106  INFO 25148 --- [restartedMain] .e.DevToolsPropertyDefaultsPostProcessor : For additional web related logging consider setting the 'logging.level.web' property to 'DEBUG'
2022-05-09 08:42:54.483  INFO 25148 --- [restartedMain] .s.d.r.c.RepositoryConfigurationDelegate : Bootstrapping Spring Data JPA repositories in DEFAULT mode.
2022-05-09 08:42:54.513  INFO 25148 --- [restartedMain] .s.d.r.c.RepositoryConfigurationDelegate : Finished Spring Data repository scanning in 24 ms. Found 3 JPA repository interfaces.
2022-05-09 08:42:54.869  INFO 25148 --- [restartedMain] o.s.b.w.embedded.tomcat.TomcatWebServer  : Tomcat initialized with port(s): 443 (https)
2022-05-09 08:42:54.875  INFO 25148 --- [restartedMain] o.apache.catalina.core.StandardService   : Starting service [Tomcat]
2022-05-09 08:42:54.875  INFO 25148 --- [restartedMain] org.apache.catalina.core.StandardEngine  : Starting Servlet engine: [Apache Tomcat/9.0.62]
2022-05-09 08:42:55.010  INFO 25148 --- [restartedMain] o.a.c.c.C.[Tomcat].[localhost].[/]       : Initializing Spring embedded WebApplicationContext
2022-05-09 08:42:55.010  INFO 25148 --- [restartedMain] w.s.c.ServletWebServerApplicationContext : Root WebApplicationContext: initialization completed in 904 ms
2022-05-09 08:42:55.095  INFO 25148 --- [restartedMain] o.hibernate.jpa.internal.util.LogHelper  : HHH000204: Processing PersistenceUnitInfo [name: default]
2022-05-09 08:42:55.124  INFO 25148 --- [restartedMain] org.hibernate.Version                    : HHH000412: Hibernate ORM core version 5.6.8.Final
2022-05-09 08:42:55.228  INFO 25148 --- [restartedMain] o.hibernate.annotations.common.Version   : HCANN000001: Hibernate Commons Annotations {5.1.2.Final}
2022-05-09 08:42:55.295  INFO 25148 --- [restartedMain] com.zaxxer.hikari.HikariDataSource       : HikariPool-1 - Starting...
2022-05-09 08:42:55.542  INFO 25148 --- [restartedMain] com.zaxxer.hikari.HikariDataSource       : HikariPool-1 - Start completed.
2022-05-09 08:42:55.570  INFO 25148 --- [restartedMain] org.hibernate.dialect.Dialect            : HHH000400: Using dialect: org.hibernate.dialect.MySQL8Dialect
2022-05-09 08:42:56.089  INFO 25148 --- [restartedMain] o.h.e.t.j.p.i.JtaPlatformInitiator       : HHH000490: Using JtaPlatform implementation: [org.hibernate.engine.transaction.jta.platform.internal.NoJtaPlatform]
2022-05-09 08:42:56.095  INFO 25148 --- [restartedMain] j.LocalContainerEntityManagerFactoryBean : Initialized JPA EntityManagerFactory for persistence unit 'default'
2022-05-09 08:42:56.373  WARN 25148 --- [restartedMain] JpaBaseConfiguration$JpaWebConfiguration : spring.jpa.open-in-view is enabled by default. Therefore, database queries may be performed during view rendering. Explicitly configure spring.jpa.open-in-view to disable this warning
2022-05-09 08:42:56.568  INFO 25148 --- [restartedMain] o.s.b.d.a.OptionalLiveReloadServer       : LiveReload server is running on port 35729
2022-05-09 08:42:56.582  WARN 25148 --- [restartedMain] ConfigServletWebServerApplicationContext : Exception encountered during context initialization - cancelling refresh attempt: org.springframework.context.ApplicationContextException: Failed to start bean 'webServerStartStop'; nested exception is org.springframework.boot.web.server.PortInUseException: Port 443 is already in use
2022-05-09 08:42:56.584  INFO 25148 --- [restartedMain] j.LocalContainerEntityManagerFactoryBean : Closing JPA EntityManagerFactory for persistence unit 'default'
2022-05-09 08:42:56.586  INFO 25148 --- [restartedMain] com.zaxxer.hikari.HikariDataSource       : HikariPool-1 - Shutdown initiated...
2022-05-09 08:42:56.591  INFO 25148 --- [restartedMain] com.zaxxer.hikari.HikariDataSource       : HikariPool-1 - Shutdown completed.
2022-05-09 08:42:56.593  INFO 25148 --- [restartedMain] o.apache.catalina.core.StandardService   : Stopping service [Tomcat]
2022-05-09 08:42:56.600  INFO 25148 --- [restartedMain] ConditionEvaluationReportLoggingListener : 

Error starting ApplicationContext. To display the conditions report re-run your application with 'debug' enabled.
2022-05-09 08:42:56.610 ERROR 25148 --- [restartedMain] o.s.b.d.LoggingFailureAnalysisReporter   : 

***************************
APPLICATION FAILED TO START
***************************

Description:

Web server failed to start. Port 443 was already in use.

Action:

Identify and stop the process that's listening on port 443 or configure this application to listen on another port.

2022-05-09 08:45:41.571  INFO 3772 --- [restartedMain] com.store.MedicalStore_V2Application     : Starting MedicalStore_V2Application using Java 17.0.3.1 on Anubhav with PID 3772 (D:\my_projects\MedicalStore_V2\target\classes started by Anubhav in D:\my_projects\MedicalStore_V2)
2022-05-09 08:45:41.572  INFO 3772 --- [restartedMain] com.store.MedicalStore_V2Application     : No active profile set, falling back to 1 default profile: "default"
2022-05-09 08:45:41.600  INFO 3772 --- [restartedMain] .e.DevToolsPropertyDefaultsPostProcessor : Devtools property defaults active! Set 'spring.devtools.add-properties' to 'false' to disable
2022-05-09 08:45:41.600  INFO 3772 --- [restartedMain] .e.DevToolsPropertyDefaultsPostProcessor : For additional web related logging consider setting the 'logging.level.web' property to 'DEBUG'
2022-05-09 08:45:42.068  INFO 3772 --- [restartedMain] .s.d.r.c.RepositoryConfigurationDelegate : Bootstrapping Spring Data JPA repositories in DEFAULT mode.
2022-05-09 08:45:42.108  INFO 3772 --- [restartedMain] .s.d.r.c.RepositoryConfigurationDelegate : Finished Spring Data repository scanning in 32 ms. Found 3 JPA repository interfaces.
2022-05-09 08:45:42.567  INFO 3772 --- [restartedMain] o.s.b.w.embedded.tomcat.TomcatWebServer  : Tomcat initialized with port(s): 443 (https)
2022-05-09 08:45:42.577  INFO 3772 --- [restartedMain] o.apache.catalina.core.StandardService   : Starting service [Tomcat]
2022-05-09 08:45:42.577  INFO 3772 --- [restartedMain] org.apache.catalina.core.StandardEngine  : Starting Servlet engine: [Apache Tomcat/9.0.62]
2022-05-09 08:45:42.728  INFO 3772 --- [restartedMain] o.a.c.c.C.[Tomcat].[localhost].[/]       : Initializing Spring embedded WebApplicationContext
2022-05-09 08:45:42.728  INFO 3772 --- [restartedMain] w.s.c.ServletWebServerApplicationContext : Root WebApplicationContext: initialization completed in 1128 ms
2022-05-09 08:45:42.860  INFO 3772 --- [restartedMain] o.hibernate.jpa.internal.util.LogHelper  : HHH000204: Processing PersistenceUnitInfo [name: default]
2022-05-09 08:45:42.909  INFO 3772 --- [restartedMain] org.hibernate.Version                    : HHH000412: Hibernate ORM core version 5.6.8.Final
2022-05-09 08:45:43.076  INFO 3772 --- [restartedMain] o.hibernate.annotations.common.Version   : HCANN000001: Hibernate Commons Annotations {5.1.2.Final}
2022-05-09 08:45:43.169  INFO 3772 --- [restartedMain] com.zaxxer.hikari.HikariDataSource       : HikariPool-1 - Starting...
2022-05-09 08:45:43.451  INFO 3772 --- [restartedMain] com.zaxxer.hikari.HikariDataSource       : HikariPool-1 - Start completed.
2022-05-09 08:45:43.481  INFO 3772 --- [restartedMain] org.hibernate.dialect.Dialect            : HHH000400: Using dialect: org.hibernate.dialect.MySQL8Dialect
2022-05-09 08:45:44.056  INFO 3772 --- [restartedMain] o.h.e.t.j.p.i.JtaPlatformInitiator       : HHH000490: Using JtaPlatform implementation: [org.hibernate.engine.transaction.jta.platform.internal.NoJtaPlatform]
2022-05-09 08:45:44.062  INFO 3772 --- [restartedMain] j.LocalContainerEntityManagerFactoryBean : Initialized JPA EntityManagerFactory for persistence unit 'default'
2022-05-09 08:45:44.397  WARN 3772 --- [restartedMain] JpaBaseConfiguration$JpaWebConfiguration : spring.jpa.open-in-view is enabled by default. Therefore, database queries may be performed during view rendering. Explicitly configure spring.jpa.open-in-view to disable this warning
2022-05-09 08:45:44.634  INFO 3772 --- [restartedMain] o.s.b.d.a.OptionalLiveReloadServer       : LiveReload server is running on port 35729
2022-05-09 08:45:44.843  INFO 3772 --- [restartedMain] o.s.b.w.embedded.tomcat.TomcatWebServer  : Tomcat started on port(s): 443 (https) with context path ''
2022-05-09 08:45:44.850  INFO 3772 --- [restartedMain] com.store.MedicalStore_V2Application     : Started MedicalStore_V2Application in 3.547 seconds (JVM running for 4.253)
2022-05-09 08:45:48.785  INFO 3772 --- [https-jsse-nio-443-exec-5] o.a.c.c.C.[Tomcat].[localhost].[/]       : Initializing Spring DispatcherServlet 'dispatcherServlet'
2022-05-09 08:45:48.834 DEBUG 3772 --- [https-jsse-nio-443-exec-5] org.hibernate.SQL                        : select product0_.id as id1_1_, product0_.batch_no as batch_no2_1_, product0_.cost_price as cost_pri3_1_, product0_.expiry_date as expiry_d4_1_, product0_.mfg_date as mfg_date5_1_, product0_.name as name6_1_, product0_.purchasing_date as purchasi7_1_, product0_.quantity as quantity8_1_, product0_.selling_price as selling_9_1_ from products product0_
2022-05-09 08:45:51.526 DEBUG 3772 --- [https-jsse-nio-443-exec-4] org.hibernate.SQL                        : select product0_.id as id1_1_, product0_.batch_no as batch_no2_1_, product0_.cost_price as cost_pri3_1_, product0_.expiry_date as expiry_d4_1_, product0_.mfg_date as mfg_date5_1_, product0_.name as name6_1_, product0_.purchasing_date as purchasi7_1_, product0_.quantity as quantity8_1_, product0_.selling_price as selling_9_1_ from products product0_
2022-05-09 08:45:53.121 DEBUG 3772 --- [https-jsse-nio-443-exec-5] org.hibernate.SQL                        : select product0_.id as id1_1_, product0_.batch_no as batch_no2_1_, product0_.cost_price as cost_pri3_1_, product0_.expiry_date as expiry_d4_1_, product0_.mfg_date as mfg_date5_1_, product0_.name as name6_1_, product0_.purchasing_date as purchasi7_1_, product0_.quantity as quantity8_1_, product0_.selling_price as selling_9_1_ from products product0_
2022-05-09 08:45:54.297 DEBUG 3772 --- [https-jsse-nio-443-exec-10] org.hibernate.SQL                        : select transactio0_.transaction_id as transact1_2_, transactio0_.batch_number as batch_nu2_2_, transactio0_.cost_price as cost_pri3_2_, transactio0_.product_id as product_4_2_, transactio0_.product_name as product_5_2_, transactio0_.quantity as quantity6_2_, transactio0_.selling_price as selling_7_2_, transactio0_.transaction_date as transact8_2_ from transactions transactio0_
2022-05-09 08:45:58.003 DEBUG 3772 --- [https-jsse-nio-443-exec-9] org.hibernate.SQL                        : select bill0_.bill_id as bill_id1_0_, bill0_.all_transactions as all_tran2_0_, bill0_.customer_name as customer3_0_, bill0_.transaction_date as transact4_0_ from bill bill0_ order by bill0_.bill_id desc
2022-05-09 08:45:59.511 DEBUG 3772 --- [https-jsse-nio-443-exec-8] org.hibernate.SQL                        : select product0_.id as id1_1_, product0_.batch_no as batch_no2_1_, product0_.cost_price as cost_pri3_1_, product0_.expiry_date as expiry_d4_1_, product0_.mfg_date as mfg_date5_1_, product0_.name as name6_1_, product0_.purchasing_date as purchasi7_1_, product0_.quantity as quantity8_1_, product0_.selling_price as selling_9_1_ from products product0_
2022-05-09 08:46:20.886 DEBUG 3772 --- [https-jsse-nio-443-exec-5] org.hibernate.SQL                        : select bill0_.bill_id as bill_id1_0_, bill0_.all_transactions as all_tran2_0_, bill0_.customer_name as customer3_0_, bill0_.transaction_date as transact4_0_ from bill bill0_ order by bill0_.bill_id desc
2022-05-09 08:46:24.638 DEBUG 3772 --- [https-jsse-nio-443-exec-8] org.hibernate.SQL                        : select transactio0_.transaction_id as transact1_2_, transactio0_.batch_number as batch_nu2_2_, transactio0_.cost_price as cost_pri3_2_, transactio0_.product_id as product_4_2_, transactio0_.product_name as product_5_2_, transactio0_.quantity as quantity6_2_, transactio0_.selling_price as selling_7_2_, transactio0_.transaction_date as transact8_2_ from transactions transactio0_
2022-05-09 08:48:12.947  INFO 3772 --- [Thread-5] j.LocalContainerEntityManagerFactoryBean : Closing JPA EntityManagerFactory for persistence unit 'default'
2022-05-09 08:48:12.950  INFO 3772 --- [Thread-5] com.zaxxer.hikari.HikariDataSource       : HikariPool-1 - Shutdown initiated...
2022-05-09 08:48:12.957  INFO 3772 --- [Thread-5] com.zaxxer.hikari.HikariDataSource       : HikariPool-1 - Shutdown completed.
2022-05-09 08:48:13.041  INFO 3772 --- [restartedMain] com.store.MedicalStore_V2Application     : Starting MedicalStore_V2Application using Java 17.0.3.1 on Anubhav with PID 3772 (D:\my_projects\MedicalStore_V2\target\classes started by Anubhav in D:\my_projects\MedicalStore_V2)
2022-05-09 08:48:13.041  INFO 3772 --- [restartedMain] com.store.MedicalStore_V2Application     : No active profile set, falling back to 1 default profile: "default"
2022-05-09 08:48:13.200  INFO 3772 --- [restartedMain] .s.d.r.c.RepositoryConfigurationDelegate : Bootstrapping Spring Data JPA repositories in DEFAULT mode.
2022-05-09 08:48:13.210  INFO 3772 --- [restartedMain] .s.d.r.c.RepositoryConfigurationDelegate : Finished Spring Data repository scanning in 9 ms. Found 3 JPA repository interfaces.
2022-05-09 08:48:13.299  INFO 3772 --- [restartedMain] o.s.b.w.embedded.tomcat.TomcatWebServer  : Tomcat initialized with port(s): 443 (https)
2022-05-09 08:48:13.299  INFO 3772 --- [restartedMain] o.apache.catalina.core.StandardService   : Starting service [Tomcat]
2022-05-09 08:48:13.300  INFO 3772 --- [restartedMain] org.apache.catalina.core.StandardEngine  : Starting Servlet engine: [Apache Tomcat/9.0.62]
2022-05-09 08:48:13.333  INFO 3772 --- [restartedMain] o.a.c.c.C.[Tomcat].[localhost].[/]       : Initializing Spring embedded WebApplicationContext
2022-05-09 08:48:13.334  INFO 3772 --- [restartedMain] w.s.c.ServletWebServerApplicationContext : Root WebApplicationContext: initialization completed in 287 ms
2022-05-09 08:48:13.409  INFO 3772 --- [restartedMain] o.hibernate.jpa.internal.util.LogHelper  : HHH000204: Processing PersistenceUnitInfo [name: default]
2022-05-09 08:48:13.418  INFO 3772 --- [restartedMain] com.zaxxer.hikari.HikariDataSource       : HikariPool-2 - Starting...
2022-05-09 08:48:13.448  INFO 3772 --- [restartedMain] com.zaxxer.hikari.HikariDataSource       : HikariPool-2 - Start completed.
2022-05-09 08:48:13.448  INFO 3772 --- [restartedMain] org.hibernate.dialect.Dialect            : HHH000400: Using dialect: org.hibernate.dialect.MySQL8Dialect
2022-05-09 08:48:13.534  INFO 3772 --- [restartedMain] o.h.e.t.j.p.i.JtaPlatformInitiator       : HHH000490: Using JtaPlatform implementation: [org.hibernate.engine.transaction.jta.platform.internal.NoJtaPlatform]
2022-05-09 08:48:13.534  INFO 3772 --- [restartedMain] j.LocalContainerEntityManagerFactoryBean : Initialized JPA EntityManagerFactory for persistence unit 'default'
2022-05-09 08:48:13.704  WARN 3772 --- [restartedMain] JpaBaseConfiguration$JpaWebConfiguration : spring.jpa.open-in-view is enabled by default. Therefore, database queries may be performed during view rendering. Explicitly configure spring.jpa.open-in-view to disable this warning
2022-05-09 08:48:13.786  INFO 3772 --- [restartedMain] o.s.b.d.a.OptionalLiveReloadServer       : LiveReload server is running on port 35729
2022-05-09 08:48:13.956  INFO 3772 --- [restartedMain] o.s.b.w.embedded.tomcat.TomcatWebServer  : Tomcat started on port(s): 443 (https) with context path ''
2022-05-09 08:48:13.961  INFO 3772 --- [restartedMain] com.store.MedicalStore_V2Application     : Started MedicalStore_V2Application in 0.951 seconds (JVM running for 153.364)
2022-05-09 08:48:13.964  INFO 3772 --- [restartedMain] .ConditionEvaluationDeltaLoggingListener : Condition evaluation unchanged
2022-05-09 08:48:15.242  INFO 3772 --- [Thread-7] j.LocalContainerEntityManagerFactoryBean : Closing JPA EntityManagerFactory for persistence unit 'default'
2022-05-09 08:48:15.243  INFO 3772 --- [Thread-7] com.zaxxer.hikari.HikariDataSource       : HikariPool-2 - Shutdown initiated...
2022-05-09 08:48:15.247  INFO 3772 --- [Thread-7] com.zaxxer.hikari.HikariDataSource       : HikariPool-2 - Shutdown completed.
